9.231060028076172	-0.4010382294654846	1888.133544921875
-2.987720489501953	9.723379135131836	426.9786071777344
-3.790942668914795	10.569661140441895	399.1100769042969
-111.14549255371094	145.57492065429688	232.1973114013672
-117.06622314453125	152.71974182128906	243.79966735839844
9.231084823608398	-0.40099334716796875	1888.133544921875
-2.997645378112793	9.664495468139648	429.9305725097656
-3.792053699493408	10.599761962890625	401.7742919921875
-111.01445770263672	145.4235076904297	231.39222717285156
-117.02218627929688	152.64022827148438	244.0247802734375
-240.45059204101562	455.7441101074219	193.12669372558594
-245.33120727539062	458.7569580078125	196.03485107421875
-245.96728515625	498.27093505859375	183.83975219726562
-246.39407348632812	502.5455322265625	164.5955810546875
-251.70310974121094	503.813720703125	152.00086975097656
-248.15345764160156	502.03143310546875	143.54855346679688
-248.81137084960938	501.8768310546875	139.8033447265625
-247.581787109375	498.8692626953125	141.05172729492188
-246.40309143066406	497.4314270019531	123.42196655273438
-246.67303466796875	498.43316650390625	120.55635070800781
-248.1648406982422	498.9371337890625	109.32538604736328
-247.17092895507812	500.11212158203125	109.12242126464844
-247.79946899414062	501.35528564453125	97.86074829101562
-247.79345703125	499.6195373535156	105.14990234375
-246.6787567138672	499.89471435546875	95.73217010498047
-246.9833984375	501.2768859863281	94.9713134765625
-245.65460205078125	498.9958190917969	81.91094970703125
-246.50643920898438	497.713623046875	85.4317398071289
-247.52391052246094	501.44189453125	76.94371795654297
-247.0789794921875	499.9521789550781	84.79016876220703
-245.4159698486328	496.8034973144531	73.41191101074219
-245.15899658203125	497.73272705078125	74.58902740478516
-245.99627685546875	497.6921691894531	71.40691375732422
-244.91400146484375	495.1270751953125	73.1709976196289
-246.78590393066406	496.6001281738281	69.90415954589844
-246.8058319091797	497.32000732421875	70.23056030273438
-245.16268920898438	493.98968505859375	64.98501586914062
-247.16232299804688	496.5726318359375	66.20729064941406
-249.63333129882812	506.4957275390625	64.85929107666016
-249.21249389648438	503.13128662109375	62.468994140625
-248.71902465820312	499.651611328125	62.724693298339844
-246.88027954101562	497.90411376953125	62.53276062011719
-248.20330810546875	498.2196044921875	63.65705871582031
-248.51002502441406	498.7759704589844	62.04434585571289
-249.09266662597656	500.86883544921875	63.01352310180664
-249.1796875	501.2491149902344	62.00470733642578
-249.0910186767578	499.8082275390625	59.79860305786133
-247.6334228515625	496.84759521484375	60.86752700805664
-248.54336547851562	498.24609375	58.882225036621094
-247.16514587402344	496.5711975097656	59.63331604003906
-250.38465881347656	502.1809997558594	57.824859619140625
-248.54391479492188	497.1771545410156	57.25228500366211
-251.5076904296875	509.2792663574219	57.70816421508789
-251.21145629882812	502.0692138671875	57.58076477050781
-247.32791137695312	499.00848388671875	57.9103889465332
-247.03257751464844	500.1261901855469	58.0865478515625
-246.93893432617188	496.5542907714844	56.5198974609375
-247.54522705078125	498.4841003417969	57.402427673339844
-247.90274047851562	504.3381652832031	55.412010192871094
-250.05714416503906	507.6208190917969	56.36810302734375
-248.45411682128906	499.27001953125	55.904029846191406
-250.91896057128906	502.5041198730469	55.68136215209961
-249.88221740722656	506.2659912109375	55.65665054321289
-251.93763732910156	508.866943359375	55.24207305908203
-253.8288116455078	504.8624572753906	55.88408660888672
-250.60922241210938	502.67218017578125	55.321327209472656
-251.65892028808594	503.135986328125	55.52162551879883
-250.888916015625	501.5745849609375	55.11503982543945
-251.1759490966797	504.7561340332031	55.28125
-251.02577209472656	503.2517395019531	55.09881591796875
-250.69247436523438	500.7882385253906	55.153663635253906
-249.99551391601562	501.17633056640625	55.045433044433594
-251.4805908203125	502.8755798339844	54.873512268066406
-251.3950653076172	502.6638488769531	54.95656204223633
-252.09373474121094	504.0163879394531	54.82033157348633
-251.04922485351562	501.61907958984375	54.84526824951172
-251.57992553710938	502.9497375488281	54.78239440917969
-249.9113311767578	503.7567138671875	54.805267333984375
-251.6408233642578	503.8042297363281	54.695045471191406
-250.36415100097656	501.5432434082031	54.68842315673828
-247.67068481445312	506.5474853515625	54.781402587890625
-249.99038696289062	499.42840576171875	54.796165466308594
-247.6116485595703	500.5583801269531	54.673805236816406
-248.7243194580078	504.6808166503906	54.69824981689453
-248.4014434814453	498.14129638671875	54.57718276977539
-250.25350952148438	501.45745849609375	54.587825775146484
-249.63449096679688	501.8665466308594	54.613975524902344
-247.8600311279297	496.870361328125	54.66197967529297
-250.7192840576172	502.244140625	54.55271911621094
-249.9483184814453	502.2906494140625	54.69884490966797
-249.88308715820312	500.1058044433594	54.53875732421875
-248.57386779785156	504.22210693359375	54.57966613769531
-249.0984649658203	501.2073669433594	54.58966064453125
-249.16455078125	500.484130859375	54.56632995605469
-249.1985321044922	498.8134765625	54.503868103027344
-248.935791015625	500.3775634765625	54.511322021484375
-248.25442504882812	500.3017578125	54.4952278137207
-249.71424865722656	500.0364990234375	54.529876708984375
-247.59922790527344	497.0032653808594	54.50157165527344
-249.09542846679688	501.9336853027344	54.506324768066406
-249.3809814453125	499.369140625	54.510162353515625
-247.33592224121094	500.1561279296875	54.48473358154297
-248.76290893554688	502.3024597167969	54.51261520385742
-249.09837341308594	502.0137939453125	54.50459289550781
-248.9907684326172	499.8780822753906	54.46957015991211
-247.78541564941406	499.54681396484375	54.49530029296875
-247.55728149414062	496.44415283203125	54.53421401977539
-248.18887329101562	498.64990234375	54.48998260498047
-249.1686248779297	498.1167297363281	54.49820327758789
-248.06448364257812	500.51239013671875	54.50410461425781
-248.83995056152344	498.8899230957031	54.53135681152344
-247.97740173339844	500.10528564453125	54.53660583496094
-249.08021545410156	501.23968505859375	54.56352996826172
-248.67721557617188	500.503662109375	54.57229232788086
-248.89053344726562	500.38104248046875	54.53868103027344
-248.4781951904297	499.41156005859375	54.541629791259766
-248.29261779785156	497.2564697265625	54.51918411254883
-248.64834594726562	502.39776611328125	54.54380798339844
-249.04673767089844	499.89044189453125	54.48579025268555
-249.25244140625	501.70550537109375	54.488731384277344
-248.75753784179688	501.2912902832031	54.480010986328125
-249.8810577392578	500.9063720703125	54.47905731201172
-249.7523651123047	498.43499755859375	54.46271896362305
-249.15611267089844	500.4993896484375	54.467430114746094
-249.37745666503906	498.4055480957031	54.4531364440918
-249.2473602294922	500.1511535644531	54.46541976928711
-248.74639892578125	498.2891540527344	54.473995208740234
-248.7938995361328	499.71405029296875	54.46686553955078
-248.02565002441406	495.7792053222656	54.47304153442383
-248.56980895996094	501.66180419921875	54.492027282714844
-249.08290100097656	500.5696105957031	54.49567794799805
-247.82093811035156	495.3196105957031	54.497718811035156
-249.27206420898438	499.61468505859375	54.50810241699219
-249.27085876464844	501.91943359375	54.52827453613281
-249.9417724609375	499.6507568359375	54.527042388916016
-249.67120361328125	498.5445556640625	54.522491455078125
-250.30467224121094	498.7841796875	54.52567672729492
-249.8030548095703	500.6618957519531	54.53742980957031
-250.06036376953125	502.3601379394531	54.5032958984375
-248.96670532226562	498.7394714355469	54.493934631347656
-249.36923217773438	499.02838134765625	54.5014533996582
-249.6230926513672	501.69012451171875	54.4920768737793
-249.42129516601562	500.06005859375	54.4967041015625
-249.46890258789062	500.09356689453125	54.482452392578125
-249.2673797607422	498.97381591796875	54.50361633300781
-249.1558074951172	501.9797058105469	54.5050048828125
-248.65782165527344	496.4394226074219	54.4750862121582
-249.17506408691406	499.97076416015625	54.4974250793457
-250.2197723388672	502.4656982421875	54.460758209228516
-247.41624450683594	501.1142578125	54.472530364990234
-248.42276000976562	502.75762939453125	54.45268249511719
-249.84054565429688	497.42236328125	54.44133758544922
-249.77308654785156	501.0284729003906	54.45322036743164
-250.13731384277344	499.8014831542969	54.45079040527344
-249.7119140625	502.3450622558594	54.49484634399414
-248.84312438964844	496.32830810546875	54.476524353027344
-250.29913330078125	501.0904541015625	54.494571685791016
-249.38986206054688	498.3717346191406	54.51188659667969
-249.39503479003906	500.7132568359375	54.52891540527344
-249.4519805908203	498.984375	54.544334411621094
-248.6029815673828	499.9253845214844	54.519493103027344
-249.24464416503906	500.4122009277344	54.52335739135742
-248.98690795898438	501.4339599609375	54.525787353515625
-249.54736328125	499.18475341796875	54.51927947998047
-248.87339782714844	497.9921875	54.54544448852539
-248.91514587402344	501.2310791015625	54.524085998535156
-249.5558624267578	503.9432678222656	54.549137115478516
-249.0773162841797	498.58837890625	54.5286865234375
-249.1129608154297	501.247314453125	54.54844665527344
-249.6324462890625	497.9774169921875	54.52745056152344
-248.99374389648438	499.2981872558594	54.5174560546875
-248.83595275878906	498.871826171875	54.5123291015625
-249.3032989501953	501.83795166015625	54.46018981933594
-249.05361938476562	496.8204040527344	54.45342254638672
-249.06036376953125	496.5542297363281	54.4738655090332
-249.07273864746094	502.7978210449219	54.48224639892578
-249.38058471679688	500.70062255859375	54.44805908203125
-249.24676513671875	500.5780029296875	54.46830368041992
-249.79376220703125	501.60455322265625	54.474693298339844
-249.74075317382812	499.32965087890625	54.4942512512207
-248.62965393066406	497.1872863769531	54.491600036621094
-249.5445098876953	502.10443115234375	54.498146057128906
-248.75465393066406	498.38421630859375	54.468536376953125
-249.17477416992188	501.877685546875	54.473548889160156
-249.40280151367188	500.99359130859375	54.53382110595703
-249.24496459960938	498.682373046875	54.52777862548828
-249.07911682128906	500.80877685546875	54.53007125854492
-248.40330505371094	497.49114990234375	54.53124237060547
-248.37936401367188	496.4124755859375	54.55896759033203
-249.3167724609375	502.3746643066406	54.55670928955078
-250.1284942626953	502.0744934082031	54.503116607666016
-248.9380645751953	497.836669921875	54.5081787109375
-249.5606231689453	499.7093505859375	54.440818786621094
-249.1963653564453	502.5418701171875	54.430686950683594
-249.30421447753906	501.5624084472656	54.45630645751953
-249.1334686279297	497.7476806640625	54.44847106933594
-249.0781707763672	501.7107238769531	54.48892593383789
-248.89788818359375	496.23773193359375	54.494049072265625
-248.36959838867188	501.8355407714844	54.51485824584961
-248.76016235351562	498.33294677734375	54.51206588745117
-249.30877685546875	499.7878723144531	54.57510757446289
-247.7755889892578	495.29595947265625	54.60282897949219
-249.1063232421875	500.142578125	54.56773376464844
-248.460693359375	500.01007080078125	54.546424865722656
-249.30397033691406	499.23699951171875	54.4740104675293
-248.98667907714844	500.65960693359375	54.48564147949219
-248.0914306640625	496.8963928222656	54.52274703979492
-248.6636962890625	500.5371398925781	54.52812194824219
-249.14222717285156	499.2862854003906	54.51985168457031
-249.43516540527344	501.88018798828125	54.528709411621094
-249.69696044921875	502.591064453125	54.47465515136719
-250.0589599609375	498.59698486328125	54.4730224609375
-249.92164611816406	499.6263427734375	54.476280212402344
-249.0007781982422	500.2684326171875	54.48334503173828
-249.2758026123047	500.4361267089844	54.49433517456055
-249.35108947753906	499.8526306152344	54.50065612792969
-249.21131896972656	501.9807434082031	54.452579498291016
-249.12713623046875	498.63470458984375	54.464942932128906
-249.02293395996094	498.5591125488281	54.459903717041016
-248.76434326171875	499.8431396484375	54.45402526855469
-248.98512268066406	500.4043884277344	54.499820709228516
-248.54376220703125	499.12469482421875	54.48895263671875
-249.1995849609375	500.49005126953125	54.46700668334961
-249.22174072265625	500.7161560058594	54.46681213378906
-249.3468780517578	498.43658447265625	54.46939468383789
-249.0974884033203	501.0692138671875	54.47344970703125
-249.58612060546875	501.5792541503906	54.509132385253906
-249.53343200683594	500.3514404296875	54.503273010253906
-249.1493682861328	501.15216064453125	54.49393081665039
-249.34170532226562	498.165283203125	54.49654006958008
-249.10189819335938	499.2303771972656	54.49775695800781
-248.35891723632812	501.3002624511719	54.498348236083984
-249.28599548339844	499.2489929199219	54.50284957885742
-249.96949768066406	502.385986328125	54.51044845581055
-248.92803955078125	502.2322998046875	54.4951286315918
-248.9390869140625	496.8166809082031	54.50284957885742
-248.99989318847656	498.76275634765625	54.51191711425781
-249.20326232910156	501.4626159667969	54.496238708496094
-249.29286193847656	496.70166015625	54.506324768066406
-248.39309692382812	502.54656982421875	54.5137825012207
-249.50537109375	503.9128112792969	54.47378921508789
-249.2940673828125	497.168212890625	54.48120880126953
-249.4601593017578	497.68426513671875	54.49917984008789
-249.13873291015625	501.99676513671875	54.5010986328125
-249.5406951904297	499.2288818359375	54.50998306274414
